<?xml version="1.0" encoding="UTF-8"?>
<!-- Generated by org.testng.reporters.JUnitXMLReporter -->
<testsuite hostname="HW0566" ignored="0" name="Regression suite 1" tests="3" failures="1" timestamp="06 Jul 2017 06:01:38 GMT" time="0.298" errors="0">
  <testcase name="testRealReportOne" time="0.011" classname="tests.TG_ITestLisener_Test"/>
  <testcase name="testRealReportTwo" time="0.002" classname="tests.TG_ITestLisener_Test">
    <failure type="java.lang.AssertionError" message="expected [true] but found [false]">
      <![CDATA[java.lang.AssertionError: expected [true] but found [false]
	at tests.TG_ITestLisener_Test.testRealReportTwo(TG_ITestLisener_Test.java:22)
... Removed 29 stack frames]]>
    </failure>
  </testcase> <!-- testRealReportTwo -->
  <testcase name="testRealReportThree" time="0.0" classname="tests.TG_ITestLisener_Test">
    <skipped/>
  </testcase> <!-- testRealReportThree -->
</testsuite> <!-- Regression suite 1 -->
